<?xml version="1.0" encoding="UTF-8"?>
<!-- Generated by org.testng.reporters.JUnitReportReporter -->
<testsuite hostname="DESKTOP-EUEHJHR" failures="0" tests="1" name="TestRunner.CucumberTestRunner" time="22.124" errors="0" timestamp="2023-12-10T20:05:37 IST" skipped="0">
  <testcase classname="TestRunner.CucumberTestRunner" name="runScenario" time="22.124"/>
</testsuite> <!-- TestRunner.CucumberTestRunner -->
